<?xml version="1.0" encoding="UTF-8"?>
<!-- Generated by org.testng.reporters.JUnitReportReporter -->
<testsuite skipped="0" hostname="DESKTOP-0LBLGKJ" name="JenkinsDemo.Jenkinsdemo" tests="1" failures="0" timestamp="12 Sep 2018 13:29:18 GMT" time="9.302" errors="0">
  <testcase name="jenkinsDemo" time="9.302" classname="JenkinsDemo.Jenkinsdemo"/>
</testsuite> <!-- JenkinsDemo.Jenkinsdemo -->
