<?xml version="1.0" encoding="UTF-8"?>
<!-- Generated by org.testng.reporters.JUnitReportReporter -->
<testsuite skipped="0" hostname="DESKTOP-0LBLGKJ" name="JenkinsDemo.Jenkinsdemo" tests="1" failures="0" timestamp="13 Sep 2018 07:00:52 GMT" time="23.534" errors="0">
  <testcase name="jenkinsDemo" time="23.534" classname="JenkinsDemo.Jenkinsdemo"/>
</testsuite> <!-- JenkinsDemo.Jenkinsdemo -->
